[2m2022-05-09 13:11:13.294[0;39m [32m INFO[0;39m [35m12864[0;39m [2m---[0;39m [2m[extShutdownHook][0;39m [36mo.s.s.concurrent.ThreadPoolTaskExecutor [0;39m [2m:[0;39m Shutting down ExecutorService 'applicationTaskExecutor'
[2m2022-05-09 13:11:16.611[0;39m [32m INFO[0;39m [35m12988[0;39m [2m---[0;39m [2m[           main][0;39m [36mc.l.s.SpringbootsetaApplication         [0;39m [2m:[0;39m Starting SpringbootsetaApplication on DESKTOP-LHN4TIS with PID 12988 (F:\xm\springbootseta\target\classes started by liao in F:\xm\springbootseta)
[2m2022-05-09 13:11:16.616[0;39m [32m INFO[0;39m [35m12988[0;39m [2m---[0;39m [2m[           main][0;39m [36mc.l.s.SpringbootsetaApplication         [0;39m [2m:[0;39m No active profile set, falling back to default profiles: default
[2m2022-05-09 13:11:17.590[0;39m [32m INFO[0;39m [35m12988[0;39m [2m---[0;39m [2m[           main][0;39m [36mo.s.b.w.embedded.tomcat.TomcatWebServer [0;39m [2m:[0;39m Tomcat initialized with port(s): 8080 (http)
[2m2022-05-09 13:11:17.598[0;39m [32m INFO[0;39m [35m12988[0;39m [2m---[0;39m [2m[           main][0;39m [36mo.apache.catalina.core.StandardService  [0;39m [2m:[0;39m Starting service [Tomcat]
[2m2022-05-09 13:11:17.599[0;39m [32m INFO[0;39m [35m12988[0;39m [2m---[0;39m [2m[           main][0;39m [36morg.apache.catalina.core.StandardEngine [0;39m [2m:[0;39m Starting Servlet engine: [Apache Tomcat/9.0.41]
[2m2022-05-09 13:11:17.723[0;39m [32m INFO[0;39m [35m12988[0;39m [2m---[0;39m [2m[           main][0;39m [36mo.a.c.c.C.[Tomcat].[localhost].[/]      [0;39m [2m:[0;39m Initializing Spring embedded WebApplicationContext
[2m2022-05-09 13:11:17.723[0;39m [32m INFO[0;39m [35m12988[0;39m [2m---[0;39m [2m[           main][0;39m [36mw.s.c.ServletWebServerApplicationContext[0;39m [2m:[0;39m Root WebApplicationContext: initialization completed in 1043 ms
[2m2022-05-09 13:11:18.101[0;39m [32m INFO[0;39m [35m12988[0;39m [2m---[0;39m [2m[           main][0;39m [36mo.s.s.web.DefaultSecurityFilterChain    [0;39m [2m:[0;39m Creating filter chain: any request, [org.springframework.security.web.context.request.async.WebAsyncManagerIntegrationFilter@76c387f9, org.springframework.security.web.context.SecurityContextPersistenceFilter@507b79f7, org.springframework.security.web.header.HeaderWriterFilter@23f72d88, org.springframework.security.web.authentication.logout.LogoutFilter@6a282fdd, org.springframework.security.web.authentication.UsernamePasswordAuthenticationFilter@41fed14f, org.springframework.security.web.savedrequest.RequestCacheAwareFilter@365a6a43, org.springframework.security.web.servletapi.SecurityContextHolderAwareRequestFilter@45667d98, org.springframework.security.web.authentication.rememberme.RememberMeAuthenticationFilter@c6da8bb, org.springframework.security.web.authentication.AnonymousAuthenticationFilter@3874b815, org.springframework.security.web.session.SessionManagementFilter@87b5b49, org.springframework.security.web.access.ExceptionTranslationFilter@573284a5, org.springframework.security.web.access.intercept.FilterSecurityInterceptor@b2f4ece]
[2m2022-05-09 13:11:18.201[0;39m [32m INFO[0;39m [35m12988[0;39m [2m---[0;39m [2m[           main][0;39m [36mo.s.s.concurrent.ThreadPoolTaskExecutor [0;39m [2m:[0;39m Initializing ExecutorService 'applicationTaskExecutor'
[2m2022-05-09 13:11:18.440[0;39m [32m INFO[0;39m [35m12988[0;39m [2m---[0;39m [2m[           main][0;39m [36mo.s.b.w.embedded.tomcat.TomcatWebServer [0;39m [2m:[0;39m Tomcat started on port(s): 8080 (http) with context path ''
[2m2022-05-09 13:11:18.452[0;39m [32m INFO[0;39m [35m12988[0;39m [2m---[0;39m [2m[           main][0;39m [36mc.l.s.SpringbootsetaApplication         [0;39m [2m:[0;39m Started SpringbootsetaApplication in 2.356 seconds (JVM running for 3.376)
[2m2022-05-09 13:11:24.980[0;39m [32m INFO[0;39m [35m12988[0;39m [2m---[0;39m [2m[nio-8080-exec-1][0;39m [36mo.a.c.c.C.[Tomcat].[localhost].[/]      [0;39m [2m:[0;39m Initializing Spring DispatcherServlet 'dispatcherServlet'
[2m2022-05-09 13:11:24.981[0;39m [32m INFO[0;39m [35m12988[0;39m [2m---[0;39m [2m[nio-8080-exec-1][0;39m [36mo.s.web.servlet.DispatcherServlet       [0;39m [2m:[0;39m Initializing Servlet 'dispatcherServlet'
[2m2022-05-09 13:11:24.987[0;39m [32m INFO[0;39m [35m12988[0;39m [2m---[0;39m [2m[nio-8080-exec-1][0;39m [36mo.s.web.servlet.DispatcherServlet       [0;39m [2m:[0;39m Completed initialization in 6 ms
[2m2022-05-09 13:11:25.016[0;39m [32m INFO[0;39m [35m12988[0;39m [2m---[0;39m [2m[nio-8080-exec-1][0;39m [36mcom.zaxxer.hikari.HikariDataSource      [0;39m [2m:[0;39m HikariPool-1 - Starting...
[2m2022-05-09 13:11:25.610[0;39m [32m INFO[0;39m [35m12988[0;39m [2m---[0;39m [2m[nio-8080-exec-1][0;39m [36mcom.zaxxer.hikari.HikariDataSource      [0;39m [2m:[0;39m HikariPool-1 - Start completed.
[2m2022-05-09 13:11:25.753[0;39m [32m INFO[0;39m [35m12988[0;39m [2m---[0;39m [2m[nio-8080-exec-1][0;39m [36mcom.ljb.springbootseta.conteoller.Head  [0;39m [2m:[0;39m 用户访问了一次登陆界面
[2m2022-05-09 13:12:15.689[0;39m [32m INFO[0;39m [35m12988[0;39m [2m---[0;39m [2m[extShutdownHook][0;39m [36mo.s.s.concurrent.ThreadPoolTaskExecutor [0;39m [2m:[0;39m Shutting down ExecutorService 'applicationTaskExecutor'
[2m2022-05-09 13:12:15.690[0;39m [32m INFO[0;39m [35m12988[0;39m [2m---[0;39m [2m[extShutdownHook][0;39m [36mcom.zaxxer.hikari.HikariDataSource      [0;39m [2m:[0;39m HikariPool-1 - Shutdown initiated...
[2m2022-05-09 13:12:15.697[0;39m [32m INFO[0;39m [35m12988[0;39m [2m---[0;39m [2m[extShutdownHook][0;39m [36mcom.zaxxer.hikari.HikariDataSource      [0;39m [2m:[0;39m HikariPool-1 - Shutdown completed.
[2m2022-05-09 13:17:14.124[0;39m [32m INFO[0;39m [35m4528[0;39m [2m---[0;39m [2m[           main][0;39m [36mc.l.s.SpringbootsetaApplication         [0;39m [2m:[0;39m Starting SpringbootsetaApplication on DESKTOP-LHN4TIS with PID 4528 (F:\xm\springbootseta\target\classes started by liao in F:\xm\springbootseta)
[2m2022-05-09 13:17:14.128[0;39m [32m INFO[0;39m [35m4528[0;39m [2m---[0;39m [2m[           main][0;39m [36mc.l.s.SpringbootsetaApplication         [0;39m [2m:[0;39m The following profiles are active: dev
[2m2022-05-09 13:17:15.013[0;39m [32m INFO[0;39m [35m4528[0;39m [2m---[0;39m [2m[           main][0;39m [36mo.s.b.w.embedded.tomcat.TomcatWebServer [0;39m [2m:[0;39m Tomcat initialized with port(s): 8080 (http)
[2m2022-05-09 13:17:15.019[0;39m [32m INFO[0;39m [35m4528[0;39m [2m---[0;39m [2m[           main][0;39m [36mo.apache.catalina.core.StandardService  [0;39m [2m:[0;39m Starting service [Tomcat]
[2m2022-05-09 13:17:15.020[0;39m [32m INFO[0;39m [35m4528[0;39m [2m---[0;39m [2m[           main][0;39m [36morg.apache.catalina.core.StandardEngine [0;39m [2m:[0;39m Starting Servlet engine: [Apache Tomcat/9.0.41]
[2m2022-05-09 13:17:15.113[0;39m [32m INFO[0;39m [35m4528[0;39m [2m---[0;39m [2m[           main][0;39m [36mo.a.c.c.C.[Tomcat].[localhost].[/]      [0;39m [2m:[0;39m Initializing Spring embedded WebApplicationContext
[2m2022-05-09 13:17:15.114[0;39m [32m INFO[0;39m [35m4528[0;39m [2m---[0;39m [2m[           main][0;39m [36mw.s.c.ServletWebServerApplicationContext[0;39m [2m:[0;39m Root WebApplicationContext: initialization completed in 928 ms
[2m2022-05-09 13:17:15.377[0;39m [32m INFO[0;39m [35m4528[0;39m [2m---[0;39m [2m[           main][0;39m [36mo.s.s.web.DefaultSecurityFilterChain    [0;39m [2m:[0;39m Creating filter chain: any request, [org.springframework.security.web.context.request.async.WebAsyncManagerIntegrationFilter@173f73e7, org.springframework.security.web.context.SecurityContextPersistenceFilter@47ad69f7, org.springframework.security.web.header.HeaderWriterFilter@65eabaab, org.springframework.security.web.authentication.logout.LogoutFilter@3b90a30a, org.springframework.security.web.authentication.UsernamePasswordAuthenticationFilter@6940f685, org.springframework.security.web.savedrequest.RequestCacheAwareFilter@5e5073ab, org.springframework.security.web.servletapi.SecurityContextHolderAwareRequestFilter@743c6ce4, org.springframework.security.web.authentication.rememberme.RememberMeAuthenticationFilter@162b3d47, org.springframework.security.web.authentication.AnonymousAuthenticationFilter@43a51d00, org.springframework.security.web.session.SessionManagementFilter@1de9d54, org.springframework.security.web.access.ExceptionTranslationFilter@128c502c, org.springframework.security.web.access.intercept.FilterSecurityInterceptor@76c387f9]
[2m2022-05-09 13:17:15.442[0;39m [32m INFO[0;39m [35m4528[0;39m [2m---[0;39m [2m[           main][0;39m [36mo.s.s.concurrent.ThreadPoolTaskExecutor [0;39m [2m:[0;39m Initializing ExecutorService 'applicationTaskExecutor'
[2m2022-05-09 13:17:15.589[0;39m [32m INFO[0;39m [35m4528[0;39m [2m---[0;39m [2m[           main][0;39m [36mo.s.b.w.embedded.tomcat.TomcatWebServer [0;39m [2m:[0;39m Tomcat started on port(s): 8080 (http) with context path ''
[2m2022-05-09 13:17:15.597[0;39m [32m INFO[0;39m [35m4528[0;39m [2m---[0;39m [2m[           main][0;39m [36mc.l.s.SpringbootsetaApplication         [0;39m [2m:[0;39m Started SpringbootsetaApplication in 1.95 seconds (JVM running for 2.932)
[2m2022-05-09 13:17:22.528[0;39m [32m INFO[0;39m [35m4528[0;39m [2m---[0;39m [2m[nio-8080-exec-1][0;39m [36mo.a.c.c.C.[Tomcat].[localhost].[/]      [0;39m [2m:[0;39m Initializing Spring DispatcherServlet 'dispatcherServlet'
[2m2022-05-09 13:17:22.528[0;39m [32m INFO[0;39m [35m4528[0;39m [2m---[0;39m [2m[nio-8080-exec-1][0;39m [36mo.s.web.servlet.DispatcherServlet       [0;39m [2m:[0;39m Initializing Servlet 'dispatcherServlet'
[2m2022-05-09 13:17:22.533[0;39m [32m INFO[0;39m [35m4528[0;39m [2m---[0;39m [2m[nio-8080-exec-1][0;39m [36mo.s.web.servlet.DispatcherServlet       [0;39m [2m:[0;39m Completed initialization in 5 ms
[2m2022-05-09 13:17:22.553[0;39m [32m INFO[0;39m [35m4528[0;39m [2m---[0;39m [2m[nio-8080-exec-1][0;39m [36mcom.zaxxer.hikari.HikariDataSource      [0;39m [2m:[0;39m HikariPool-1 - Starting...
[2m2022-05-09 13:17:23.110[0;39m [32m INFO[0;39m [35m4528[0;39m [2m---[0;39m [2m[nio-8080-exec-1][0;39m [36mcom.zaxxer.hikari.HikariDataSource      [0;39m [2m:[0;39m HikariPool-1 - Start completed.
[2m2022-05-09 13:17:23.232[0;39m [32m INFO[0;39m [35m4528[0;39m [2m---[0;39m [2m[nio-8080-exec-1][0;39m [36mcom.ljb.springbootseta.conteoller.Head  [0;39m [2m:[0;39m 用户访问了一次登陆界面
[2m2022-05-09 13:17:29.088[0;39m [32m INFO[0;39m [35m4528[0;39m [2m---[0;39m [2m[nio-8080-exec-3][0;39m [36mcom.ljb.springbootseta.conteoller.Head  [0;39m [2m:[0;39m 用户访问了一次登陆界面
[2m2022-05-09 13:17:50.923[0;39m [32m INFO[0;39m [35m4528[0;39m [2m---[0;39m [2m[extShutdownHook][0;39m [36mo.s.s.concurrent.ThreadPoolTaskExecutor [0;39m [2m:[0;39m Shutting down ExecutorService 'applicationTaskExecutor'
[2m2022-05-09 13:17:50.924[0;39m [32m INFO[0;39m [35m4528[0;39m [2m---[0;39m [2m[extShutdownHook][0;39m [36mcom.zaxxer.hikari.HikariDataSource      [0;39m [2m:[0;39m HikariPool-1 - Shutdown initiated...
[2m2022-05-09 13:17:50.930[0;39m [32m INFO[0;39m [35m4528[0;39m [2m---[0;39m [2m[extShutdownHook][0;39m [36mcom.zaxxer.hikari.HikariDataSource      [0;39m [2m:[0;39m HikariPool-1 - Shutdown completed.
[2m2022-05-09 13:36:26.167[0;39m [32m INFO[0;39m [35m15932[0;39m [2m---[0;39m [2m[           main][0;39m [36mc.l.s.SpringbootsetaApplication         [0;39m [2m:[0;39m Starting SpringbootsetaApplication on DESKTOP-LHN4TIS with PID 15932 (F:\xm\springbootseta\target\classes started by liao in F:\xm\springbootseta)
[2m2022-05-09 13:36:26.170[0;39m [32m INFO[0;39m [35m15932[0;39m [2m---[0;39m [2m[           main][0;39m [36mc.l.s.SpringbootsetaApplication         [0;39m [2m:[0;39m The following profiles are active: dev
[2m2022-05-09 13:36:27.003[0;39m [32m INFO[0;39m [35m15932[0;39m [2m---[0;39m [2m[           main][0;39m [36mo.s.b.w.embedded.tomcat.TomcatWebServer [0;39m [2m:[0;39m Tomcat initialized with port(s): 8080 (http)
[2m2022-05-09 13:36:27.010[0;39m [32m INFO[0;39m [35m15932[0;39m [2m---[0;39m [2m[           main][0;39m [36mo.apache.catalina.core.StandardService  [0;39m [2m:[0;39m Starting service [Tomcat]
[2m2022-05-09 13:36:27.010[0;39m [32m INFO[0;39m [35m15932[0;39m [2m---[0;39m [2m[           main][0;39m [36morg.apache.catalina.core.StandardEngine [0;39m [2m:[0;39m Starting Servlet engine: [Apache Tomcat/9.0.41]
[2m2022-05-09 13:36:27.109[0;39m [32m INFO[0;39m [35m15932[0;39m [2m---[0;39m [2m[           main][0;39m [36mo.a.c.c.C.[Tomcat].[localhost].[/]      [0;39m [2m:[0;39m Initializing Spring embedded WebApplicationContext
[2m2022-05-09 13:36:27.109[0;39m [32m INFO[0;39m [35m15932[0;39m [2m---[0;39m [2m[           main][0;39m [36mw.s.c.ServletWebServerApplicationContext[0;39m [2m:[0;39m Root WebApplicationContext: initialization completed in 889 ms
[2m2022-05-09 13:36:27.398[0;39m [32m INFO[0;39m [35m15932[0;39m [2m---[0;39m [2m[           main][0;39m [36mo.s.s.web.DefaultSecurityFilterChain    [0;39m [2m:[0;39m Creating filter chain: any request, [org.springframework.security.web.context.request.async.WebAsyncManagerIntegrationFilter@4b7c4456, org.springframework.security.web.context.SecurityContextPersistenceFilter@15e0fe05, org.springframework.security.web.header.HeaderWriterFilter@280d9edc, org.springframework.security.web.authentication.logout.LogoutFilter@4f966719, org.springframework.security.web.authentication.UsernamePasswordAuthenticationFilter@41bf79da, org.springframework.security.web.savedrequest.RequestCacheAwareFilter@6bf13698, org.springframework.security.web.servletapi.SecurityContextHolderAwareRequestFilter@71f96dfb, org.springframework.security.web.authentication.rememberme.RememberMeAuthenticationFilter@373f7450, org.springframework.security.web.authentication.AnonymousAuthenticationFilter@2c768ada, org.springframework.security.web.session.SessionManagementFilter@108d55c4, org.springframework.security.web.access.ExceptionTranslationFilter@70e13fa, org.springframework.security.web.access.intercept.FilterSecurityInterceptor@7ee3d262]
[2m2022-05-09 13:36:27.468[0;39m [32m INFO[0;39m [35m15932[0;39m [2m---[0;39m [2m[           main][0;39m [36mo.s.s.concurrent.ThreadPoolTaskExecutor [0;39m [2m:[0;39m Initializing ExecutorService 'applicationTaskExecutor'
[2m2022-05-09 13:36:27.633[0;39m [32m INFO[0;39m [35m15932[0;39m [2m---[0;39m [2m[           main][0;39m [36mo.s.b.w.embedded.tomcat.TomcatWebServer [0;39m [2m:[0;39m Tomcat started on port(s): 8080 (http) with context path ''
[2m2022-05-09 13:36:27.642[0;39m [32m INFO[0;39m [35m15932[0;39m [2m---[0;39m [2m[           main][0;39m [36mc.l.s.SpringbootsetaApplication         [0;39m [2m:[0;39m Started SpringbootsetaApplication in 2.0 seconds (JVM running for 3.424)
[2m2022-05-09 13:36:34.438[0;39m [32m INFO[0;39m [35m15932[0;39m [2m---[0;39m [2m[nio-8080-exec-1][0;39m [36mo.a.c.c.C.[Tomcat].[localhost].[/]      [0;39m [2m:[0;39m Initializing Spring DispatcherServlet 'dispatcherServlet'
[2m2022-05-09 13:36:34.438[0;39m [32m INFO[0;39m [35m15932[0;39m [2m---[0;39m [2m[nio-8080-exec-1][0;39m [36mo.s.web.servlet.DispatcherServlet       [0;39m [2m:[0;39m Initializing Servlet 'dispatcherServlet'
[2m2022-05-09 13:36:34.442[0;39m [32m INFO[0;39m [35m15932[0;39m [2m---[0;39m [2m[nio-8080-exec-1][0;39m [36mo.s.web.servlet.DispatcherServlet       [0;39m [2m:[0;39m Completed initialization in 4 ms
[2m2022-05-09 13:36:34.455[0;39m [32m INFO[0;39m [35m15932[0;39m [2m---[0;39m [2m[nio-8080-exec-1][0;39m [36mcom.zaxxer.hikari.HikariDataSource      [0;39m [2m:[0;39m HikariPool-1 - Starting...
[2m2022-05-09 13:36:34.945[0;39m [32m INFO[0;39m [35m15932[0;39m [2m---[0;39m [2m[nio-8080-exec-1][0;39m [36mcom.zaxxer.hikari.HikariDataSource      [0;39m [2m:[0;39m HikariPool-1 - Start completed.
[2m2022-05-09 13:36:35.146[0;39m [32m INFO[0;39m [35m15932[0;39m [2m---[0;39m [2m[nio-8080-exec-1][0;39m [36mcom.ljb.springbootseta.conteoller.Head  [0;39m [2m:[0;39m 用户访问了一次登陆界面
[2m2022-05-09 13:36:55.068[0;39m [32m INFO[0;39m [35m15932[0;39m [2m---[0;39m [2m[extShutdownHook][0;39m [36mo.s.s.concurrent.ThreadPoolTaskExecutor [0;39m [2m:[0;39m Shutting down ExecutorService 'applicationTaskExecutor'
[2m2022-05-09 13:36:55.069[0;39m [32m INFO[0;39m [35m15932[0;39m [2m---[0;39m [2m[extShutdownHook][0;39m [36mcom.zaxxer.hikari.HikariDataSource      [0;39m [2m:[0;39m HikariPool-1 - Shutdown initiated...
[2m2022-05-09 13:36:55.076[0;39m [32m INFO[0;39m [35m15932[0;39m [2m---[0;39m [2m[extShutdownHook][0;39m [36mcom.zaxxer.hikari.HikariDataSource      [0;39m [2m:[0;39m HikariPool-1 - Shutdown completed.
[2m2022-05-09 17:21:36.903[0;39m [32m INFO[0;39m [35m10832[0;39m [2m---[0;39m [2m[           main][0;39m [36mc.l.s.SpringbootsetaApplication         [0;39m [2m:[0;39m Starting SpringbootsetaApplication on DESKTOP-LHN4TIS with PID 10832 (F:\xm\springbootseta\target\classes started by liao in F:\xm\springbootseta)
[2m2022-05-09 17:21:36.905[0;39m [32m INFO[0;39m [35m10832[0;39m [2m---[0;39m [2m[           main][0;39m [36mc.l.s.SpringbootsetaApplication         [0;39m [2m:[0;39m The following profiles are active: dev
[2m2022-05-09 17:21:37.617[0;39m [32m INFO[0;39m [35m10832[0;39m [2m---[0;39m [2m[           main][0;39m [36mo.s.b.w.embedded.tomcat.TomcatWebServer [0;39m [2m:[0;39m Tomcat initialized with port(s): 8080 (http)
[2m2022-05-09 17:21:37.622[0;39m [32m INFO[0;39m [35m10832[0;39m [2m---[0;39m [2m[           main][0;39m [36mo.apache.catalina.core.StandardService  [0;39m [2m:[0;39m Starting service [Tomcat]
[2m2022-05-09 17:21:37.623[0;39m [32m INFO[0;39m [35m10832[0;39m [2m---[0;39m [2m[           main][0;39m [36morg.apache.catalina.core.StandardEngine [0;39m [2m:[0;39m Starting Servlet engine: [Apache Tomcat/9.0.41]
[2m2022-05-09 17:21:37.705[0;39m [32m INFO[0;39m [35m10832[0;39m [2m---[0;39m [2m[           main][0;39m [36mo.a.c.c.C.[Tomcat].[localhost].[/]      [0;39m [2m:[0;39m Initializing Spring embedded WebApplicationContext
[2m2022-05-09 17:21:37.705[0;39m [32m INFO[0;39m [35m10832[0;39m [2m---[0;39m [2m[           main][0;39m [36mw.s.c.ServletWebServerApplicationContext[0;39m [2m:[0;39m Root WebApplicationContext: initialization completed in 768 ms
[2m2022-05-09 17:21:37.934[0;39m [32m INFO[0;39m [35m10832[0;39m [2m---[0;39m [2m[           main][0;39m [36mo.s.s.web.DefaultSecurityFilterChain    [0;39m [2m:[0;39m Creating filter chain: any request, [org.springframework.security.web.context.request.async.WebAsyncManagerIntegrationFilter@d74bac4, org.springframework.security.web.context.SecurityContextPersistenceFilter@280d9edc, org.springframework.security.web.header.HeaderWriterFilter@3bbf9027, org.springframework.security.web.authentication.logout.LogoutFilter@2babf189, org.springframework.security.web.authentication.UsernamePasswordAuthenticationFilter@75308740, org.springframework.security.web.savedrequest.RequestCacheAwareFilter@5f9b6ae7, org.springframework.security.web.servletapi.SecurityContextHolderAwareRequestFilter@bdd2027, org.springframework.security.web.authentication.rememberme.RememberMeAuthenticationFilter@e48bf9a, org.springframework.security.web.authentication.AnonymousAuthenticationFilter@5ff90645, org.springframework.security.web.session.SessionManagementFilter@70e13fa, org.springframework.security.web.access.ExceptionTranslationFilter@743c6ce4, org.springframework.security.web.access.intercept.FilterSecurityInterceptor@43a51d00]
[2m2022-05-09 17:21:37.994[0;39m [32m INFO[0;39m [35m10832[0;39m [2m---[0;39m [2m[           main][0;39m [36mo.s.s.concurrent.ThreadPoolTaskExecutor [0;39m [2m:[0;39m Initializing ExecutorService 'applicationTaskExecutor'
[2m2022-05-09 17:21:38.129[0;39m [32m INFO[0;39m [35m10832[0;39m [2m---[0;39m [2m[           main][0;39m [36mo.s.b.w.embedded.tomcat.TomcatWebServer [0;39m [2m:[0;39m Tomcat started on port(s): 8080 (http) with context path ''
[2m2022-05-09 17:21:38.136[0;39m [32m INFO[0;39m [35m10832[0;39m [2m---[0;39m [2m[           main][0;39m [36mc.l.s.SpringbootsetaApplication         [0;39m [2m:[0;39m Started SpringbootsetaApplication in 1.615 seconds (JVM running for 2.896)
[2m2022-05-09 17:21:47.959[0;39m [32m INFO[0;39m [35m10832[0;39m [2m---[0;39m [2m[nio-8080-exec-1][0;39m [36mo.a.c.c.C.[Tomcat].[localhost].[/]      [0;39m [2m:[0;39m Initializing Spring DispatcherServlet 'dispatcherServlet'
[2m2022-05-09 17:21:47.960[0;39m [32m INFO[0;39m [35m10832[0;39m [2m---[0;39m [2m[nio-8080-exec-1][0;39m [36mo.s.web.servlet.DispatcherServlet       [0;39m [2m:[0;39m Initializing Servlet 'dispatcherServlet'
[2m2022-05-09 17:21:47.963[0;39m [32m INFO[0;39m [35m10832[0;39m [2m---[0;39m [2m[nio-8080-exec-1][0;39m [36mo.s.web.servlet.DispatcherServlet       [0;39m [2m:[0;39m Completed initialization in 3 ms
[2m2022-05-09 17:21:52.207[0;39m [32m INFO[0;39m [35m10832[0;39m [2m---[0;39m [2m[nio-8080-exec-6][0;39m [36mcom.zaxxer.hikari.HikariDataSource      [0;39m [2m:[0;39m HikariPool-1 - Starting...
[2m2022-05-09 17:21:52.630[0;39m [32m INFO[0;39m [35m10832[0;39m [2m---[0;39m [2m[nio-8080-exec-6][0;39m [36mcom.zaxxer.hikari.HikariDataSource      [0;39m [2m:[0;39m HikariPool-1 - Start completed.
[2m2022-05-09 17:21:52.741[0;39m [32m INFO[0;39m [35m10832[0;39m [2m---[0;39m [2m[nio-8080-exec-8][0;39m [36mcom.ljb.springbootseta.conteoller.Head  [0;39m [2m:[0;39m 用户访问了一次登陆界面
[2m2022-05-09 17:22:29.096[0;39m [32m INFO[0;39m [35m10832[0;39m [2m---[0;39m [2m[extShutdownHook][0;39m [36mo.s.s.concurrent.ThreadPoolTaskExecutor [0;39m [2m:[0;39m Shutting down ExecutorService 'applicationTaskExecutor'
[2m2022-05-09 17:22:29.097[0;39m [32m INFO[0;39m [35m10832[0;39m [2m---[0;39m [2m[extShutdownHook][0;39m [36mcom.zaxxer.hikari.HikariDataSource      [0;39m [2m:[0;39m HikariPool-1 - Shutdown initiated...
[2m2022-05-09 17:22:29.103[0;39m [32m INFO[0;39m [35m10832[0;39m [2m---[0;39m [2m[extShutdownHook][0;39m [36mcom.zaxxer.hikari.HikariDataSource      [0;39m [2m:[0;39m HikariPool-1 - Shutdown completed.
